TN:
SF:/home/malloc/Desktop/dmalloc/src/dmalloc.c
FN:128,164,do_split
FN:168,177,try_split
FN:181,267,dmalloc
FN:24,28,sbrk_wrap
FN:271,290,do_coalesce_right
FN:294,307,try_coalesce
FN:311,371,dfree
FN:32,53,heapinit
FN:375,391,dcalloc
FN:395,529,drealloc
FN:533,542,dreallocarray
FN:59,94,arenasbrk
FN:98,124,arenainit
FNDA:4,do_split
FNDA:4,try_split
FNDA:49,dmalloc
FNDA:0,sbrk_wrap
FNDA:5,do_coalesce_right
FNDA:18,try_coalesce
FNDA:18,dfree
FNDA:0,heapinit
FNDA:7,dcalloc
FNDA:16,drealloc
FNDA:3,dreallocarray
FNDA:77,arenasbrk
FNDA:34,arenainit
FNF:13
FNH:11
BRDA:38,0,0,-
BRDA:38,0,1,-
BRDA:61,0,0,1
BRDA:61,0,1,76
BRDA:69,0,0,17
BRDA:69,0,1,59
BRDA:78,0,0,53
BRDA:78,0,1,6
BRDA:78,0,2,2
BRDA:78,0,3,57
BRDA:84,0,0,56
BRDA:84,0,1,1
BRDA:85,0,0,10
BRDA:85,0,1,46
BRDA:100,0,0,1
BRDA:100,0,1,33
BRDA:109,0,0,1
BRDA:109,0,1,32
BRDA:158,0,0,3
BRDA:158,0,1,1
BRDA:173,0,0,2
BRDA:173,0,1,2
BRDA:185,0,0,0
BRDA:185,0,1,49
BRDA:185,0,2,0
BRDA:185,0,3,0
BRDA:188,0,0,-
BRDA:188,0,1,-
BRDA:195,0,0,0
BRDA:195,0,1,49
BRDA:222,0,0,68
BRDA:222,0,1,22
BRDA:222,0,2,44
BRDA:222,0,3,24
BRDA:224,0,0,6
BRDA:224,0,1,38
BRDA:224,0,2,3
BRDA:224,0,3,3
BRDA:245,0,0,6
BRDA:245,0,1,40
BRDA:251,0,0,20
BRDA:251,0,1,20
BRDA:261,0,0,20
BRDA:261,0,1,20
BRDA:283,0,0,5
BRDA:283,0,1,0
BRDA:296,0,0,16
BRDA:296,0,1,4
BRDA:296,0,2,2
BRDA:296,0,3,14
BRDA:301,0,0,13
BRDA:301,0,1,7
BRDA:301,0,2,2
BRDA:301,0,3,11
BRDA:313,0,0,1
BRDA:313,0,1,17
BRDA:319,0,0,0
BRDA:319,0,1,17
BRDA:347,0,0,1
BRDA:347,0,1,16
BRDA:357,0,0,3
BRDA:357,0,1,13
BRDA:359,0,0,2
BRDA:359,0,1,1
BRDA:377,0,0,6
BRDA:377,0,1,1
BRDA:377,0,2,1
BRDA:377,0,3,5
BRDA:385,0,0,5
BRDA:385,0,1,1
BRDA:398,0,0,1
BRDA:398,0,1,15
BRDA:403,0,0,2
BRDA:403,0,1,13
BRDA:418,0,0,2
BRDA:418,0,1,11
BRDA:421,0,0,1
BRDA:421,0,1,1
BRDA:438,0,0,1
BRDA:438,0,1,10
BRDA:448,0,0,3
BRDA:448,0,1,7
BRDA:450,0,0,2
BRDA:450,0,1,1
BRDA:457,0,0,1
BRDA:457,0,1,1
BRDA:477,0,0,3
BRDA:477,0,1,4
BRDA:477,0,2,2
BRDA:477,0,3,1
BRDA:480,0,0,1
BRDA:480,0,1,1
BRDA:496,0,0,4
BRDA:496,0,1,2
BRDA:500,0,0,1
BRDA:500,0,1,3
BRDA:520,0,0,3
BRDA:520,0,1,2
BRDA:535,0,0,2
BRDA:535,0,1,1
BRDA:535,0,2,1
BRDA:535,0,3,1
BRF:102
BRH:92
DA:24,0
DA:27,0
DA:32,0
DA:35,0
DA:36,0
DA:38,0
DA:40,0
DA:46,0
DA:47,0
DA:48,0
DA:49,0
DA:50,0
DA:52,0
DA:59,77
DA:61,77
DA:63,1
DA:64,1
DA:67,76
DA:69,76
DA:71,17
DA:74,59
DA:75,59
DA:78,59
DA:80,2
DA:81,2
DA:84,57
DA:85,56
DA:87,11
DA:88,11
DA:91,46
DA:93,46
DA:98,34
DA:100,34
DA:102,1
DA:105,33
DA:107,33
DA:109,33
DA:111,1
DA:112,1
DA:115,32
DA:117,32
DA:118,32
DA:119,32
DA:120,32
DA:121,32
DA:123,32
DA:128,4
DA:134,4
DA:135,4
DA:139,4
DA:140,4
DA:143,4
DA:144,4
DA:148,4
DA:149,4
DA:150,4
DA:151,4
DA:158,4
DA:160,3
DA:164,4
DA:168,4
DA:173,4
DA:175,2
DA:177,4
DA:181,49
DA:185,49
DA:187,0
DA:188,0
DA:190,0
DA:191,0
DA:195,49
DA:197,0
DA:206,49
DA:208,49
DA:218,49
DA:219,49
DA:220,49
DA:222,90
DA:224,44
DA:226,3
DA:228,3
DA:230,3
DA:236,41
DA:238,41
DA:243,46
DA:245,46
DA:247,6
DA:248,6
DA:251,40
DA:253,20
DA:256,40
DA:257,40
DA:258,40
DA:259,40
DA:261,40
DA:263,20
DA:266,40
DA:271,5
DA:273,5
DA:275,5
DA:283,5
DA:285,5
DA:289,5
DA:294,18
DA:296,20
DA:298,2
DA:301,20
DA:303,2
DA:306,18
DA:311,18
DA:313,18
DA:315,1
DA:319,17
DA:321,0
DA:325,17
DA:326,17
DA:347,17
DA:349,1
DA:353,16
DA:355,16
DA:357,16
DA:359,3
DA:361,2
DA:365,1
DA:368,3
DA:375,7
DA:377,7
DA:379,1
DA:380,1
DA:383,6
DA:385,6
DA:387,5
DA:390,6
DA:395,16
DA:398,16
DA:400,1
DA:403,15
DA:405,2
DA:406,2
DA:409,13
DA:411,13
DA:418,13
DA:420,2
DA:421,2
DA:423,1
DA:427,1
DA:428,1
DA:430,2
DA:438,11
DA:440,1
DA:448,10
DA:450,3
DA:452,2
DA:454,2
DA:457,2
DA:462,1
DA:464,1
DA:465,1
DA:469,3
DA:477,7
DA:478,2
DA:480,2
DA:485,1
DA:486,1
DA:488,1
DA:496,6
DA:498,4
DA:500,4
DA:503,1
DA:504,1
DA:518,5
DA:520,5
DA:522,3
DA:523,3
DA:526,2
DA:527,2
DA:528,2
DA:533,3
DA:535,3
DA:537,1
DA:538,1
DA:541,2
LF:182
LH:163
end_of_record
